::1 - POST /stores - - ms - - {"owner_id":"c3f8228a-7813-4bd3-8aac-e713d6d93b21","name":"teste"}
::1 - POST /stores - - ms - - {"owner_id":"c3f8228a-7813-4bd3-8aac-e713d6d93b21","name":"teste"}
::1 - POST /stores - - ms - - {"owner_id":"c3f8228a-7813-4bd3-8aac-e713d6d93b21","name":"teste"}
::1 - POST /stores - - ms - - {"owner_id":"c3f8228a-7813-4bd3-8aac-e713d6d93b21","name":"teste"}
::1 - POST /stores - - ms - - {"owner_id":"c3f8228a-7813-4bd3-8aac-e713d6d93b21","name":"teste"}
::1 - POST /stores - - ms - - {"owner_id":"c3f8228a-7813-4bd3-8aac-e713d6d93b21","name":"teste"}
::1 - POST /stores - - ms - - {"owner_id":"c3f8228a-7813-4bd3-8aac-e713d6d93b21","name":"teste"}
::1 - POST /stores - - ms - - {"owner_id":"c3f8228a-7813-4bd3-8aac-e713d6d93b21","name":"teste"}
::1 - POST /owners 404 1.359 ms - 146 {"owner_id":"c3f8228a-7813-4bd3-8aac-e713d6d93b21","name":"owner teste"}
::1 - POST /owners 200 25.354 ms - 116 {"owner_id":"c3f8228a-7813-4bd3-8aac-e713d6d93b21","name":"owner teste","id":"3257e481-3630-4b1d-ab96-f0612833d086"}
::1 - POST /stores - - ms - - {"owner_id":"c3f8228a-7813-4bd3-8aac-e713d6d93b21","name":"teste"}
::1 - POST /owners 200 64.458 ms - 66 {"id":"c3f8228a-7813-4bd3-8aac-e713d6d93b21","name":"owner teste"}
::1 - POST /stores 200 13.598 ms - 121 {"owner_id":"c3f8228a-7813-4bd3-8aac-e713d6d93b21","name":"teste","cash":"0","id":"32bc4b2a-ae7a-4231-ac81-f49323ede9d3"}
::1 - GET /owners/name 200 244.192 ms - 66 {"name":"pix da silva"}
::1 - GET /owners/name 200 51.766 ms - 76 {"name":"pix da silva"}
::1 - GET /owners/name 200 36.514 ms - 67 {"name":"pix da silva","id":"77cdb9fb-0a5e-45eb-b9a2-c74e8a95a14f"}
::1 - GET /owners/name 200 25.416 ms - 71 {"name":"pix da silva jr.","id":"18d919f3-8c3a-4a1c-b1df-197f4982c6da"}
::1 - GET /operations/type/2 200 146.399 ms - 104 {}
::1 - GET /operations/type/20 - - ms - - {}
::1 - GET /operations/type/20 200 13.237 ms - 29 {}
::1 - GET /operations/type/20 - - ms - - {}
::1 - GET /operations/type/20 200 12.020 ms - 2 {}
::1 - GET /operations/type/20 200 12.941 ms - 42 {}
::1 - GET /operations/type/20 200 14.218 ms - 44 {}
::1 - GET /operations/type/20 200 11.989 ms - 79 {}
::1 - POST /operations - - ms - - {}
::1 - POST /operations 200 3.321 ms - 2 {}
::1 - POST /operations 200 4.826 ms - 2 {}
